info it worked if it ends with ok
verbose cli [ '/usr/bin/nodejs', '/usr/bin/npm', 'test' ]
info using npm@1.1.4
info using node@v0.6.19
verbose config file /home/nick/.npmrc
verbose config file /usr/etc/npmrc
verbose config file /usr/share/npm/npmrc
verbose caching /home/nick/backbone/package.json
verbose loadDefaults backbone@1.0.0
verbose run-script [ 'pretest', 'test', 'posttest' ]
info pretest backbone@1.0.0
info test backbone@1.0.0
verbose unsafe-perm in lifecycle true
silly exec sh "-c" "phantomjs test/vendor/runner.js test/index.html?noglobals=true && coffee test/model.coffee"
silly spawning [ 'sh',
silly spawning   [ '-c',
silly spawning     'phantomjs test/vendor/runner.js test/index.html?noglobals=true && coffee test/model.coffee' ],
silly spawning   '/home/nick/backbone' ]
info backbone@1.0.0 Failed to exec test script
ERR! backbone@1.0.0 test: `phantomjs test/vendor/runner.js test/index.html?noglobals=true && coffee test/model.coffee`
ERR! `sh "-c" "phantomjs test/vendor/runner.js test/index.html?noglobals=true && coffee test/model.coffee"` failed with 1
ERR! 
ERR! Failed at the backbone@1.0.0 test script.
ERR! This is most likely a problem with the backbone package,
ERR! not with npm itself.
ERR! Tell the author that this fails on your system:
ERR!     phantomjs test/vendor/runner.js test/index.html?noglobals=true && coffee test/model.coffee
ERR! You can get their info via:
ERR!     npm owner ls backbone
ERR! There is likely additional logging output above.
ERR! 
ERR! System Linux 3.5.0-26-generic
ERR! command "/usr/bin/nodejs" "/usr/bin/npm" "test"
ERR! cwd /home/nick/backbone
ERR! node -v v0.6.19
ERR! npm -v 1.1.4
ERR! code ELIFECYCLE
ERR! message backbone@1.0.0 test: `phantomjs test/vendor/runner.js test/index.html?noglobals=true && coffee test/model.coffee`
ERR! message `sh "-c" "phantomjs test/vendor/runner.js test/index.html?noglobals=true && coffee test/model.coffee"` failed with 1
ERR! errno {}
verbose exit [ 1, true ]
